TN:
SF:src\services\pokemon.service.ts
FN:8,(anonymous_8)
FN:8,(anonymous_9)
FN:30,(anonymous_10)
FN:30,(anonymous_11)
FN:52,(anonymous_12)
FN:52,(anonymous_13)
FNF:6
FNH:6
FNDA:2,(anonymous_8)
FNDA:2,(anonymous_9)
FNDA:2,(anonymous_10)
FNDA:2,(anonymous_11)
FNDA:2,(anonymous_12)
FNDA:2,(anonymous_13)
DA:1,1
DA:2,1
DA:5,1
DA:6,1
DA:8,2
DA:9,2
DA:10,2
DA:12,2
DA:13,2
DA:14,0
DA:15,0
DA:18,2
DA:19,2
DA:20,2
DA:21,1
DA:22,1
DA:23,1
DA:25,1
DA:26,1
DA:30,2
DA:31,2
DA:32,2
DA:34,2
DA:35,2
DA:36,0
DA:37,0
DA:40,2
DA:41,2
DA:42,2
DA:43,1
DA:44,1
DA:45,1
DA:47,1
DA:48,1
DA:52,2
DA:53,2
DA:54,2
DA:56,2
DA:57,2
DA:58,0
DA:59,0
DA:62,2
DA:63,2
DA:64,2
DA:65,1
DA:66,1
DA:67,1
DA:69,1
DA:70,1
LF:49
LH:43
BRDA:8,0,0,0
BRDA:8,1,0,0
BRDA:13,2,0,0
BRDA:35,3,0,0
BRDA:57,4,0,0
BRF:5
BRH:0
end_of_record
